[1123/175419.364:ERROR:directory_reader_win.cc(43)] FindFirstFile: 系统找不到指定的路径。 (0x3)
[1123/232754.113:ERROR:process_reader_win.cc(123)] NtOpenThread: {无法访问} 过程已请求访问一对象，但未给访问权限。 (0xc0000022)
[1123/232754.762:ERROR:exception_snapshot_win.cc(99)] thread ID 9264 not found in process
[1123/232754.117:ERROR:process_reader_win.cc(123)] NtOpenThread: {无法访问} 过程已请求访问一对象，但未给访问权限。 (0xc0000022)
[1123/232754.762:ERROR:exception_snapshot_win.cc(99)] thread ID 23604 not found in process
[1123/232754.285:ERROR:process_reader_win.cc(123)] NtOpenThread: {无法访问} 过程已请求访问一对象，但未给访问权限。 (0xc0000022)
[1123/232755.262:ERROR:exception_snapshot_win.cc(99)] thread ID 25812 not found in process
[1123/232754.110:ERROR:process_reader_win.cc(123)] NtOpenThread: {无法访问} 过程已请求访问一对象，但未给访问权限。 (0xc0000022)
[1123/232755.588:ERROR:exception_snapshot_win.cc(99)] thread ID 25816 not found in process
[1124/180726.057:ERROR:directory_reader_win.cc(43)] FindFirstFile: 系统找不到指定的路径。 (0x3)
[1129/191633.155:ERROR:directory_reader_win.cc(43)] FindFirstFile: 系统找不到指定的路径。 (0x3)
[1129/191633.160:ERROR:filesystem_win.cc(129)] GetFileAttributes C:\Users\Zhfiya\AppData\Local\Google\Chrome\User Data\Crashpad\attachments\45487522-27df-48b4-90b1-edde550f3247: 系统找不到指定的路径。 (0x3)
[1129/191633.162:ERROR:filesystem_win.cc(129)] GetFileAttributes C:\Users\Zhfiya\AppData\Local\Google\Chrome\User Data\Crashpad\attachments\0ae40e92-9245-41d3-8d6d-c65fbcca0265: 系统找不到指定的路径。 (0x3)
[1130/162302.235:ERROR:directory_reader_win.cc(43)] FindFirstFile: 系统找不到指定的路径。 (0x3)
[1204/145936.400:ERROR:directory_reader_win.cc(43)] FindFirstFile: 系统找不到指定的路径。 (0x3)
[1206/102625.851:ERROR:directory_reader_win.cc(43)] FindFirstFile: 系统找不到指定的路径。 (0x3)
[1208/135837.825:ERROR:directory_reader_win.cc(43)] FindFirstFile: 系统找不到指定的路径。 (0x3)
[1214/140825.998:ERROR:directory_reader_win.cc(43)] FindFirstFile: 系统找不到指定的路径。 (0x3)
[1215/184056.635:ERROR:directory_reader_win.cc(43)] FindFirstFile: 系统找不到指定的路径。 (0x3)
[1216/192527.476:ERROR:directory_reader_win.cc(43)] FindFirstFile: 系统找不到指定的路径。 (0x3)
[1218/102015.087:ERROR:settings.cc(320)] Settings magic is not 1129342067
[1218/103013.054:ERROR:directory_reader_win.cc(43)] FindFirstFile: 系统找不到指定的路径。 (0x3)
